runCloud/build/outputs/logs/manifest-merger-debug-report.txt
-- Merging decision tree log ---
manifest
ADDED from src/main/AndroidManifest.xml:2:1-201:12
	package
		ADDED from src/main/AndroidManifest.xml:4:11-41
		INJECTED from src/main/AndroidManifest.xml
		INJECTED from src/main/AndroidManifest.xml
	android:versionName
		ADDED from src/main/AndroidManifest.xml:6:11-36
		INJECTED from src/main/AndroidManifest.xml
		INJECTED from src/main/AndroidManifest.xml
	xmlns:tools
		ADDED from src/main/AndroidManifest.xml:3:11-57
	android:versionCode
		ADDED from src/main/AndroidManifest.xml:5:11-34
		INJECTED from src/main/AndroidManifest.xml
		INJECTED from src/main/AndroidManifest.xml
	xmlns:android
		ADDED from src/main/AndroidManifest.xml:2:11-69
uses-sdk
ADDED from src/main/AndroidManifest.xml:8:5-10:40
MERGED from [RunCloud-master:swipeMenuListView:unspecified] AndroidManifest.xml:7:5-9:41
MERGED from [com.android.support:support-v4:23.4.0] AndroidManifest.xml:20:5-43
MERGED from [RunCloud-master:segmentViewmaster:unspecified] AndroidManifest.xml:7:5-9:40
MERGED from [com.android.support:design:23.4.0] AndroidManifest.xml:20:5-43
MERGED from [com.android.support:recyclerview-v7:23.4.0] AndroidManifest.xml:20:5-43
MERGED from [com.android.support:appcompat-v7:23.4.0] AndroidManifest.xml:21:5-23:78
MERGED from [com.android.support:animated-vector-drawable:23.4.0] AndroidManifest.xml:5:5-44
MERGED from [com.android.support:support-vector-drawable:23.4.0] AndroidManifest.xml:5:5-43
MERGED from [com.android.support:cardview-v7:23.4.0] AndroidManifest.xml:20:5-43
MERGED from [com.zhy:okhttputils:2.6.2] AndroidManifest.xml:7:5-9:41
MERGED from [de.hdodenhof:circleimageview:1.3.0] AndroidManifest.xml:5:5-7:41
	tools:overrideLibrary
		ADDED from [com.android.support:appcompat-v7:23.4.0] AndroidManifest.xml:23:9-75
	android:targetSdkVersion
		ADDED from src/main/AndroidManifest.xml:10:9-38
		INJECTED from src/main/AndroidManifest.xml
		INJECTED from src/main/AndroidManifest.xml
	android:minSdkVersion
		ADDED from src/main/AndroidManifest.xml:9:9-34
		INJECTED from src/main/AndroidManifest.xml
		INJECTED from src/main/AndroidManifest.xml
permission#com.example.runcloud.permission.JPUSH_MESSAGE
ADDED from src/main/AndroidManifest.xml:12:5-14:46
	android:protectionLevel
		ADDED from src/main/AndroidManifest.xml:14:9-44
	android:name
		ADDED from src/main/AndroidManifest.xml:13:9-69
uses-permission#com.example.runcloud.permission.JPUSH_MESSAGE
ADDED from src/main/AndroidManifest.xml:16:5-84
	android:name
		ADDED from src/main/AndroidManifest.xml:16:22-82
uses-permission#android.permission.RECEIVE_USER_PRESENT
ADDED from src/main/AndroidManifest.xml:17:5-78
	android:name
		ADDED from src/main/AndroidManifest.xml:17:22-76
uses-permission#android.permission.INTERNET
ADDED from src/main/AndroidManifest.xml:18:5-66
	android:name
		ADDED from src/main/AndroidManifest.xml:18:22-64
uses-permission#android.permission.WAKE_LOCK
ADDED from src/main/AndroidManifest.xml:19:5-67
	android:name
		ADDED from src/main/AndroidManifest.xml:19:22-65
uses-permission#android.permission.READ_PHONE_STATE
ADDED from src/main/AndroidManifest.xml:20:5-74
	android:name
		ADDED from src/main/AndroidManifest.xml:20:22-72
uses-permission#android.permission.WRITE_EXTERNAL_STORAGE
ADDED from src/main/AndroidManifest.xml:21:5-80
	android:name
		ADDED from src/main/AndroidManifest.xml:21:22-78
uses-permission#android.permission.READ_EXTERNAL_STORAGE
ADDED from src/main/AndroidManifest.xml:22:5-79
	android:name
		ADDED from src/main/AndroidManifest.xml:22:22-77
uses-permission#android.permission.WRITE_SETTINGS
ADDED from src/main/AndroidManifest.xml:23:5-72
	android:name
		ADDED from src/main/AndroidManifest.xml:23:22-70
uses-permission#android.permission.VIBRATE
ADDED from src/main/AndroidManifest.xml:24:5-65
	android:name
		ADDED from src/main/AndroidManifest.xml:24:22-63
uses-permission#android.permission.MOUNT_UNMOUNT_FILESYSTEMS
ADDED from src/main/AndroidManifest.xml:25:5-83
	android:name
		ADDED from src/main/AndroidManifest.xml:25:22-81
uses-permission#android.permission.ACCESS_NETWORK_STATE
ADDED from src/main/AndroidManifest.xml:26:5-78
	android:name
		ADDED from src/main/AndroidManifest.xml:26:22-76
uses-permission#android.permission.ACCESS_WIFI_STATE
ADDED from src/main/AndroidManifest.xml:27:5-75
	android:name
		ADDED from src/main/AndroidManifest.xml:27:22-73
uses-permission#android.permission.SYSTEM_ALERT_WINDOW
ADDED from src/main/AndroidManifest.xml:28:5-77
	android:name
		ADDED from src/main/AndroidManifest.xml:28:22-75
application
ADDED from src/main/AndroidManifest.xml:31:5-199:19
MERGED from [RunCloud-master:swipeMenuListView:unspecified] AndroidManifest.xml:11:5-16:19
MERGED from [com.android.support:support-v4:23.4.0] AndroidManifest.xml:22:5-20
MERGED from [com.android.support:design:23.4.0] AndroidManifest.xml:22:5-20
MERGED from [com.android.support:appcompat-v7:23.4.0] AndroidManifest.xml:25:5-20
MERGED from [com.android.support:animated-vector-drawable:23.4.0] AndroidManifest.xml:7:5-20
MERGED from [com.android.support:support-vector-drawable:23.4.0] AndroidManifest.xml:7:5-20
MERGED from [com.android.support:cardview-v7:23.4.0] AndroidManifest.xml:22:5-20
MERGED from [de.hdodenhof:circleimageview:1.3.0] AndroidManifest.xml:9:5-20
	android:label
		ADDED from src/main/AndroidManifest.xml:35:9-41
	android:windowSoftInputMode
		ADDED from src/main/AndroidManifest.xml:37:9-51
	android:allowBackup
		ADDED from src/main/AndroidManifest.xml:33:9-35
	android:icon
		ADDED from src/main/AndroidManifest.xml:34:9-38
		REJECTED from [RunCloud-master:swipeMenuListView:unspecified] AndroidManifest.xml:13:9-45
	android:theme
		ADDED from src/main/AndroidManifest.xml:36:9-40
	tools:replace
		ADDED from src/main/AndroidManifest.xml:38:9-37
	android:name
		ADDED from src/main/AndroidManifest.xml:32:9-50
activity#com.example.runcloud.WelcomeActivity
ADDED from src/main/AndroidManifest.xml:39:9-48:20
	android:screenOrientation
		ADDED from src/main/AndroidManifest.xml:41:13-49
	android:theme
		ADDED from src/main/AndroidManifest.xml:42:13-73
	android:name
		ADDED from src/main/AndroidManifest.xml:40:13-64
intent-filter#android.intent.action.MAIN+android.intent.category.LAUNCHER
ADDED from src/main/AndroidManifest.xml:43:13-47:29
action#android.intent.action.MAIN
ADDED from src/main/AndroidManifest.xml:44:17-68
	android:name
		ADDED from src/main/AndroidManifest.xml:44:25-66
category#android.intent.category.LAUNCHER
ADDED from src/main/AndroidManifest.xml:46:17-76
	android:name
		ADDED from src/main/AndroidManifest.xml:46:27-74
activity#com.example.runcloud.fragment.FragmentMainActivity
ADDED from src/main/AndroidManifest.xml:49:9-52:52
	android:screenOrientation
		ADDED from src/main/AndroidManifest.xml:51:13-49
	android:theme
		ADDED from src/main/AndroidManifest.xml:52:13-50
	android:name
		ADDED from src/main/AndroidManifest.xml:50:13-58
activity#com.example.runcloud.activity.ContentActivity
ADDED from src/main/AndroidManifest.xml:53:9-57:58
	android:screenOrientation
		ADDED from src/main/AndroidManifest.xml:56:13-49
	android:launchMode
		ADDED from src/main/AndroidManifest.xml:55:13-43
	android:theme
		ADDED from src/main/AndroidManifest.xml:57:13-56
	android:name
		ADDED from src/main/AndroidManifest.xml:54:13-53
activity#com.example.runcloud.activity.Validate
ADDED from src/main/AndroidManifest.xml:58:9-61:58
	android:screenOrientation
		ADDED from src/main/AndroidManifest.xml:60:13-49
	android:theme
		ADDED from src/main/AndroidManifest.xml:61:13-56
	android:name
		ADDED from src/main/AndroidManifest.xml:59:13-46
activity#com.example.runcloud.activity.SettingAboutActivity
ADDED from src/main/AndroidManifest.xml:62:9-65:58
	android:screenOrientation
		ADDED from src/main/AndroidManifest.xml:64:13-49
	android:theme
		ADDED from src/main/AndroidManifest.xml:65:13-56
	android:name
		ADDED from src/main/AndroidManifest.xml:63:13-58
activity#com.example.runcloud.activity.MyAttention
ADDED from src/main/AndroidManifest.xml:66:9-69:58
	android:screenOrientation
		ADDED from src/main/AndroidManifest.xml:68:13-49
	android:theme
		ADDED from src/main/AndroidManifest.xml:69:13-56
	android:name
		ADDED from src/main/AndroidManifest.xml:67:13-49
activity#com.example.runcloud.activity.LineChartsActivity
ADDED from src/main/AndroidManifest.xml:70:9-72:58
	android:theme
		ADDED from src/main/AndroidManifest.xml:72:13-56
	android:name
		ADDED from src/main/AndroidManifest.xml:71:13-56
activity#com.example.runcloud.activity.BarChartsActivity
ADDED from src/main/AndroidManifest.xml:73:9-76:58
	android:screenOrientation
		ADDED from src/main/AndroidManifest.xml:75:13-49
	android:theme
		ADDED from src/main/AndroidManifest.xml:76:13-56
	android:name
		ADDED from src/main/AndroidManifest.xml:74:13-55
activity#com.example.runcloud.activity.PieChartsActivity
ADDED from src/main/AndroidManifest.xml:77:9-80:58
	android:screenOrientation
		ADDED from src/main/AndroidManifest.xml:79:13-49
	android:theme
		ADDED from src/main/AndroidManifest.xml:80:13-56
	android:name
		ADDED from src/main/AndroidManifest.xml:78:13-55
activity#com.example.runcloud.activity.SearchActivity
ADDED from src/main/AndroidManifest.xml:81:9-84:58
	android:screenOrientation
		ADDED from src/main/AndroidManifest.xml:83:13-49
	android:theme
		ADDED from src/main/AndroidManifest.xml:84:13-56
	android:name
		ADDED from src/main/AndroidManifest.xml:82:13-52
activity#com.example.runcloud.activity.AddNetizen
ADDED from src/main/AndroidManifest.xml:85:9-88:58
	android:screenOrientation
		ADDED from src/main/AndroidManifest.xml:87:13-49
	android:theme
		ADDED from src/main/AndroidManifest.xml:88:13-56
	android:name
		ADDED from src/main/AndroidManifest.xml:86:13-48
activity#com.example.runcloud.activity.AddAttention
ADDED from src/main/AndroidManifest.xml:89:9-92:58
	android:screenOrientation
		ADDED from src/main/AndroidManifest.xml:91:13-49
	android:theme
		ADDED from src/main/AndroidManifest.xml:92:13-56
	android:name
		ADDED from src/main/AndroidManifest.xml:90:13-50
activity#com.example.runcloud.activity.MyNetizens
ADDED from src/main/AndroidManifest.xml:93:9-96:58
	android:screenOrientation
		ADDED from src/main/AndroidManifest.xml:95:13-49
	android:theme
		ADDED from src/main/AndroidManifest.xml:96:13-56
	android:name
		ADDED from src/main/AndroidManifest.xml:94:13-48
activity#com.example.runcloud.activity.PutNetizen
ADDED from src/main/AndroidManifest.xml:97:9-100:58
	android:screenOrientation
		ADDED from src/main/AndroidManifest.xml:99:13-49
	android:theme
		ADDED from src/main/AndroidManifest.xml:100:13-56
	android:name
		ADDED from src/main/AndroidManifest.xml:98:13-48
activity#com.example.runcloud.activity.PutAttention
ADDED from src/main/AndroidManifest.xml:101:9-104:58
	android:screenOrientation
		ADDED from src/main/AndroidManifest.xml:103:13-49
	android:theme
		ADDED from src/main/AndroidManifest.xml:104:13-56
	android:name
		ADDED from src/main/AndroidManifest.xml:102:13-50
activity#com.example.runcloud.activity.QuicklySearchShow
ADDED from src/main/AndroidManifest.xml:105:9-108:58
	android:screenOrientation
		ADDED from src/main/AndroidManifest.xml:107:13-49
	android:theme
		ADDED from src/main/AndroidManifest.xml:108:13-56
	android:name
		ADDED from src/main/AndroidManifest.xml:106:13-55
activity#com.example.runcloud.activity.ChangePassword
ADDED from src/main/AndroidManifest.xml:109:9-112:58
	android:screenOrientation
		ADDED from src/main/AndroidManifest.xml:111:13-49
	android:theme
		ADDED from src/main/AndroidManifest.xml:112:13-56
	android:name
		ADDED from src/main/AndroidManifest.xml:110:13-52
activity#com.example.runcloud.activity.SettingActivity
ADDED from src/main/AndroidManifest.xml:113:9-117:15
	android:screenOrientation
		ADDED from src/main/AndroidManifest.xml:115:13-49
	android:theme
		ADDED from src/main/AndroidManifest.xml:116:13-56
	android:name
		ADDED from src/main/AndroidManifest.xml:114:13-53
activity#com.example.runcloud.activity.FeedbackActivity
ADDED from src/main/AndroidManifest.xml:118:9-122:15
	android:screenOrientation
		ADDED from src/main/AndroidManifest.xml:120:13-49
	android:theme
		ADDED from src/main/AndroidManifest.xml:121:13-56
	android:name
		ADDED from src/main/AndroidManifest.xml:119:13-54
activity#com.example.runcloud.activity.PushDataActivity
ADDED from src/main/AndroidManifest.xml:123:9-126:58
	android:screenOrientation
		ADDED from src/main/AndroidManifest.xml:125:13-49
	android:theme
		ADDED from src/main/AndroidManifest.xml:126:13-56
	android:name
		ADDED from src/main/AndroidManifest.xml:124:13-54
activity#com.example.runcloud.activity.PushDetailActivity
ADDED from src/main/AndroidManifest.xml:127:9-130:58
	android:screenOrientation
		ADDED from src/main/AndroidManifest.xml:129:13-49
	android:theme
		ADDED from src/main/AndroidManifest.xml:130:13-56
	android:name
		ADDED from src/main/AndroidManifest.xml:128:13-56
activity#com.example.runcloud.activity.StoryActivity
ADDED from src/main/AndroidManifest.xml:131:9-133:64
	android:screenOrientation
		ADDED from src/main/AndroidManifest.xml:132:19-55
	android:theme
		ADDED from src/main/AndroidManifest.xml:133:19-62
	android:name
		ADDED from src/main/AndroidManifest.xml:131:19-57
activity#cn.jpush.android.ui.PushActivity
ADDED from src/main/AndroidManifest.xml:135:9-146:20
	android:exported
		ADDED from src/main/AndroidManifest.xml:138:13-37
	android:configChanges
		ADDED from src/main/AndroidManifest.xml:137:13-63
	android:theme
		ADDED from src/main/AndroidManifest.xml:139:13-60
	android:name
		ADDED from src/main/AndroidManifest.xml:136:13-60
intent-filter#android.intent.category.DEFAULT+cn.jpush.android.ui.PushActivity+com.example.runcloud
ADDED from src/main/AndroidManifest.xml:140:13-145:29
action#cn.jpush.android.ui.PushActivity
ADDED from src/main/AndroidManifest.xml:141:17-74
	android:name
		ADDED from src/main/AndroidManifest.xml:141:25-72
category#android.intent.category.DEFAULT
ADDED from src/main/AndroidManifest.xml:143:17-75
	android:name
		ADDED from src/main/AndroidManifest.xml:143:27-73
category#com.example.runcloud
ADDED from src/main/AndroidManifest.xml:144:17-64
	android:name
		ADDED from src/main/AndroidManifest.xml:144:27-62
service#cn.jpush.android.service.DownloadService
ADDED from src/main/AndroidManifest.xml:148:9-151:48
	android:enabled
		ADDED from src/main/AndroidManifest.xml:150:13-35
	android:exported
		ADDED from src/main/AndroidManifest.xml:151:13-37
	android:name
		ADDED from src/main/AndroidManifest.xml:149:13-68
service#cn.jpush.android.service.PushService
ADDED from src/main/AndroidManifest.xml:154:9-164:19
	android:enabled
		ADDED from src/main/AndroidManifest.xml:156:13-35
	android:exported
		ADDED from src/main/AndroidManifest.xml:157:13-37
	android:name
		ADDED from src/main/AndroidManifest.xml:155:13-64
intent-filter#cn.jpush.android.intent.PUSH_TIME+cn.jpush.android.intent.PushService+cn.jpush.android.intent.REGISTER+cn.jpush.android.intent.REPORT
ADDED from src/main/AndroidManifest.xml:158:13-163:29
action#cn.jpush.android.intent.REGISTER
ADDED from src/main/AndroidManifest.xml:159:17-74
	android:name
		ADDED from src/main/AndroidManifest.xml:159:25-72
action#cn.jpush.android.intent.REPORT
ADDED from src/main/AndroidManifest.xml:160:17-72
	android:name
		ADDED from src/main/AndroidManifest.xml:160:25-70
action#cn.jpush.android.intent.PushService
ADDED from src/main/AndroidManifest.xml:161:17-77
	android:name
		ADDED from src/main/AndroidManifest.xml:161:25-75
action#cn.jpush.android.intent.PUSH_TIME
ADDED from src/main/AndroidManifest.xml:162:17-75
	android:name
		ADDED from src/main/AndroidManifest.xml:162:25-73
receiver#cn.jpush.android.service.PushReceiver
ADDED from src/main/AndroidManifest.xml:166:9-185:20
	android:enabled
		ADDED from src/main/AndroidManifest.xml:168:13-35
	android:exported
		ADDED from src/main/AndroidManifest.xml:169:13-37
	android:name
		ADDED from src/main/AndroidManifest.xml:167:13-65
intent-filter#cn.jpush.android.intent.NOTIFICATION_RECEIVED_PROXY+com.example.runcloud
ADDED from src/main/AndroidManifest.xml:170:13-173:29
	android:priority
		ADDED from src/main/AndroidManifest.xml:170:28-51
action#cn.jpush.android.intent.NOTIFICATION_RECEIVED_PROXY
ADDED from src/main/AndroidManifest.xml:171:17-93
	android:name
		ADDED from src/main/AndroidManifest.xml:171:25-91
intent-filter#android.intent.action.USER_PRESENT+android.net.conn.CONNECTIVITY_CHANGE
ADDED from src/main/AndroidManifest.xml:174:13-177:29
action#android.intent.action.USER_PRESENT
ADDED from src/main/AndroidManifest.xml:175:17-76
	android:name
		ADDED from src/main/AndroidManifest.xml:175:25-74
action#android.net.conn.CONNECTIVITY_CHANGE
ADDED from src/main/AndroidManifest.xml:176:17-78
	android:name
		ADDED from src/main/AndroidManifest.xml:176:25-76
intent-filter#android.intent.action.PACKAGE_ADDED+android.intent.action.PACKAGE_REMOVED
ADDED from src/main/AndroidManifest.xml:179:13-184:29
action#android.intent.action.PACKAGE_ADDED
ADDED from src/main/AndroidManifest.xml:180:17-77
	android:name
		ADDED from src/main/AndroidManifest.xml:180:25-75
action#android.intent.action.PACKAGE_REMOVED
ADDED from src/main/AndroidManifest.xml:181:17-79
	android:name
		ADDED from src/main/AndroidManifest.xml:181:25-77
data
ADDED from src/main/AndroidManifest.xml:183:17-49
	android:scheme
		ADDED from src/main/AndroidManifest.xml:183:23-47
receiver#cn.jpush.android.service.AlarmReceiver
ADDED from src/main/AndroidManifest.xml:188:9-190:39
	android:exported
		ADDED from src/main/AndroidManifest.xml:190:13-37
	android:name
		ADDED from src/main/AndroidManifest.xml:189:13-66
meta-data#JPUSH_CHANNEL
ADDED from src/main/AndroidManifest.xml:193:9-195:48
	android:value
		ADDED from src/main/AndroidManifest.xml:195:13-46
	android:name
		ADDED from src/main/AndroidManifest.xml:194:13-41
meta-data#JPUSH_APPKEY
ADDED from src/main/AndroidManifest.xml:196:9-198:55
	android:value
		ADDED from src/main/AndroidManifest.xml:198:13-53
	android:name
		ADDED from src/main/AndroidManifest.xml:197:13-40